<?xml version="1.0" encoding="UTF-8"?>
<testsuite xmlns:xsi="http://www.w3.org/2001/XMLSchema-instance" xsi:noNamespaceSchemaLocation="https://maven.apache.org/surefire/maven-surefire-plugin/xsd/surefire-test-report-3.0.xsd" version="3.0" name="com.example.searchdemo.PostSearchIntegrationTest" time="5.316" tests="4" errors="0" skipped="0" failures="0">
  <properties>
[...]
</properties>
  <testcase name="createPost_returnsCreatedPost" classname="com.example.searchdemo.PostSearchIntegrationTest" time="0.68">
    <system-out><![CDATA[21:06:56.786 [main] INFO org.springframework.test.context.support.AnnotationConfigContextLoaderUtils -- Could not detect default configuration classes for test class [com.example.searchdemo.PostSearchIntegrationTest]: PostSearchIntegrationTest does not declare any static, non-private, non-final, nested classes annotated with @Configuration.
21:06:56.873 [main] INFO org.springframework.boot.test.context.SpringBootTestContextBootstrapper -- Found @SpringBootConfiguration com.example.searchdemo.SearchDemoApplication for test class com.example.searchdemo.PostSearchIntegrationTest

  .   ____          _            __ _ _
 /\\ / ___'_ __ _ _(_)_ __  __ _ \ \ \ \
( ( )\___ | '_ | '_| | '_ \/ _` | \ \ \ \
 \\/  ___)| |_)| | | | | || (_| |  ) ) ) )
  '  |____| .__|_| |_|_| |_\__, | / / / /
 =========|_|==============|___/=/_/_/_/

 :: Spring Boot ::                (v3.3.2)

2026-03-24T21:06:57.245Z  INFO 5201 --- [           main] c.e.s.PostSearchIntegrationTest          : Starting PostSearchIntegrationTest using Java 17.0.18 with PID 5201 (started by runner in /home/runner/work/post-search-demo/post-search-demo)
2026-03-24T21:06:57.247Z  INFO 5201 --- [           main] c.e.s.PostSearchIntegrationTest          : No active profile set, falling back to 1 default profile: "default"
2026-03-24T21:06:57.890Z  INFO 5201 --- [           main] .s.d.r.c.RepositoryConfigurationDelegate : Bootstrapping Spring Data JPA repositories in DEFAULT mode.
2026-03-24T21:06:57.939Z  INFO 5201 --- [           main] .s.d.r.c.RepositoryConfigurationDelegate : Finished Spring Data repository scanning in 43 ms. Found 3 JPA repository interfaces.
2026-03-24T21:06:58.438Z  INFO 5201 --- [           main] o.s.b.w.embedded.tomcat.TomcatWebServer  : Tomcat initialized with port 0 (http)
2026-03-24T21:06:58.449Z  INFO 5201 --- [           main] o.apache.catalina.core.StandardService   : Starting service [Tomcat]
2026-03-24T21:06:58.449Z  INFO 5201 --- [           main] o.apache.catalina.core.StandardEngine    : Starting Servlet engine: [Apache Tomcat/10.1.26]
2026-03-24T21:06:58.504Z  INFO 5201 --- [           main] o.a.c.c.C.[Tomcat].[localhost].[/]       : Initializing Spring embedded WebApplicationContext
2026-03-24T21:06:58.505Z  INFO 5201 --- [           main] w.s.c.ServletWebServerApplicationContext : Root WebApplicationContext: initialization completed in 1237 ms
2026-03-24T21:06:58.548Z  INFO 5201 --- [           main] com.zaxxer.hikari.HikariDataSource       : HikariPool-1 - Starting...
2026-03-24T21:06:58.714Z  INFO 5201 --- [           main] com.zaxxer.hikari.pool.HikariPool        : HikariPool-1 - Added connection conn0: url=jdbc:h2:mem:searchdemo user=SA
2026-03-24T21:06:58.715Z  INFO 5201 --- [           main] com.zaxxer.hikari.HikariDataSource       : HikariPool-1 - Start completed.
2026-03-24T21:06:58.728Z  INFO 5201 --- [           main] o.s.b.a.h2.H2ConsoleAutoConfiguration    : H2 console available at '/h2'. Database available at 'jdbc:h2:mem:searchdemo'
2026-03-24T21:06:58.848Z  INFO 5201 --- [           main] o.hibernate.jpa.internal.util.LogHelper  : HHH000204: Processing PersistenceUnitInfo [name: default]
2026-03-24T21:06:58.891Z  INFO 5201 --- [           main] org.hibernate.Version                    : HHH000412: Hibernate ORM core version 6.5.2.Final
2026-03-24T21:06:58.919Z  INFO 5201 --- [           main] o.h.c.internal.RegionFactoryInitiator    : HHH000026: Second-level cache disabled
2026-03-24T21:06:59.174Z  INFO 5201 --- [           main] o.s.o.j.p.SpringPersistenceUnitInfo      : No LoadTimeWeaver setup: ignoring JPA class transformer
2026-03-24T21:06:59.842Z  INFO 5201 --- [           main] o.h.e.t.j.p.i.JtaPlatformInitiator       : HHH000489: No JTA platform available (set 'hibernate.transaction.jta.platform' to enable JTA platform integration)
Hibernate: 
    create table post_likes (
        id bigint generated by default as identity,
        created_at timestamp(6) with time zone not null,
        post_id varchar(36) not null,
        user_id varchar(64) not null,
        primary key (id)
    )
Hibernate: 
    create table post_terms (
        id bigint generated by default as identity,
        post_id varchar(36) not null,
        term varchar(64) not null,
        primary key (id)
    )
Hibernate: 
    create table posts (
        id varchar(36) not null,
        content varchar(5000) not null,
        created_at timestamp(6) with time zone not null,
        like_count bigint not null,
        primary key (id)
    )
Hibernate: 
    create index idx_post_likes_post 
       on post_likes (post_id)
Hibernate: 
    create index idx_post_likes_user 
       on post_likes (user_id)
Hibernate: 
    alter table if exists post_likes 
       drop constraint if exists uq_post_likes_post_user
Hibernate: 
    alter table if exists post_likes 
       add constraint uq_post_likes_post_user unique (post_id, user_id)
Hibernate: 
    create index idx_post_terms_term 
       on post_terms (term)
Hibernate: 
    create index idx_post_terms_post 
       on post_terms (post_id)
Hibernate: 
    alter table if exists post_terms 
       drop constraint if exists uq_post_terms_post_term
Hibernate: 
    alter table if exists post_terms 
       add constraint uq_post_terms_post_term unique (post_id, term)
Hibernate: 
    create index idx_posts_created_at 
       on posts (created_at)
Hibernate: 
    create index idx_posts_like_count 
       on posts (like_count)
2026-03-24T21:06:59.892Z  INFO 5201 --- [           main] j.LocalContainerEntityManagerFactoryBean : Initialized JPA EntityManagerFactory for persistence unit 'default'
2026-03-24T21:07:00.091Z  INFO 5201 --- [           main] o.s.d.j.r.query.QueryEnhancerFactory     : Hibernate is in classpath; If applicable, HQL parser will be used.
2026-03-24T21:07:00.699Z  WARN 5201 --- [           main] JpaBaseConfiguration$JpaWebConfiguration : spring.jpa.open-in-view is enabled by default. Therefore, database queries may be performed during view rendering. Explicitly configure spring.jpa.open-in-view to disable this warning
2026-03-24T21:07:01.046Z  INFO 5201 --- [           main] o.s.b.w.embedded.tomcat.TomcatWebServer  : Tomcat started on port 42051 (http) with context path '/'
2026-03-24T21:07:01.058Z  INFO 5201 --- [           main] c.e.s.PostSearchIntegrationTest          : Started PostSearchIntegrationTest in 4.087 seconds (process running for 4.875)
2026-03-24T21:07:01.555Z  INFO 5201 --- [o-auto-1-exec-1] o.a.c.c.C.[Tomcat].[localhost].[/]       : Initializing Spring DispatcherServlet 'dispatcherServlet'
2026-03-24T21:07:01.556Z  INFO 5201 --- [o-auto-1-exec-1] o.s.web.servlet.DispatcherServlet        : Initializing Servlet 'dispatcherServlet'
2026-03-24T21:07:01.557Z  INFO 5201 --- [o-auto-1-exec-1] o.s.web.servlet.DispatcherServlet        : Completed initialization in 1 ms
2026-03-24T21:07:01.612Z  INFO 5201 --- [o-auto-1-exec-1] c.example.searchdemo.api.PostController  : Creating post with content length=23
Hibernate: 
    select
        p1_0.id,
        p1_0.content,
        p1_0.created_at,
        p1_0.like_count 
    from
        posts p1_0 
    where
        p1_0.id=?
Hibernate: 
    insert 
    into
        posts
        (content, created_at, like_count, id) 
    values
        (?, ?, ?, ?)
Hibernate: 
    insert 
    into
        post_terms
        (post_id, term, id) 
    values
        (?, ?, default)
Hibernate: 
    insert 
    into
        post_terms
        (post_id, term, id) 
    values
        (?, ?, default)
Hibernate: 
    insert 
    into
        post_terms
        (post_id, term, id) 
    values
        (?, ?, default)
Hibernate: 
    insert 
    into
        post_terms
        (post_id, term, id) 
    values
        (?, ?, default)
2026-03-24T21:07:01.682Z  INFO 5201 --- [o-auto-1-exec-1] c.e.searchdemo.service.PostService       : Created post id=1d7fe71a-9b56-4c60-8235-7f6fac702a81 with 4 terms
]]></system-out>
  </testcase>
  <testcase name="search_andLogic_requiresAllTerms" classname="com.example.searchdemo.PostSearchIntegrationTest" time="0.113">
    <system-out><![CDATA[2026-03-24T21:07:01.754Z  INFO 5201 --- [o-auto-1-exec-2] c.example.searchdemo.api.PostController  : Creating post with content length=29
Hibernate: 
    select
        p1_0.id,
        p1_0.content,
        p1_0.created_at,
        p1_0.like_count 
    from
        posts p1_0 
    where
        p1_0.id=?
Hibernate: 
    insert 
    into
        posts
        (content, created_at, like_count, id) 
    values
        (?, ?, ?, ?)
Hibernate: 
    insert 
    into
        post_terms
        (post_id, term, id) 
    values
        (?, ?, default)
Hibernate: 
    insert 
    into
        post_terms
        (post_id, term, id) 
    values
        (?, ?, default)
Hibernate: 
    insert 
    into
        post_terms
        (post_id, term, id) 
    values
        (?, ?, default)
Hibernate: 
    insert 
    into
        post_terms
        (post_id, term, id) 
    values
        (?, ?, default)
Hibernate: 
    insert 
    into
        post_terms
        (post_id, term, id) 
    values
        (?, ?, default)
2026-03-24T21:07:01.760Z  INFO 5201 --- [o-auto-1-exec-2] c.e.searchdemo.service.PostService       : Created post id=7bf0a70d-0516-4547-a12b-b50cbcfcc4bd with 5 terms
2026-03-24T21:07:01.768Z  INFO 5201 --- [o-auto-1-exec-3] c.example.searchdemo.api.PostController  : Creating post with content length=29
Hibernate: 
    select
        p1_0.id,
        p1_0.content,
        p1_0.created_at,
        p1_0.like_count 
    from
        posts p1_0 
    where
        p1_0.id=?
Hibernate: 
    insert 
    into
        posts
        (content, created_at, like_count, id) 
    values
        (?, ?, ?, ?)
Hibernate: 
    insert 
    into
        post_terms
        (post_id, term, id) 
    values
        (?, ?, default)
Hibernate: 
    insert 
    into
        post_terms
        (post_id, term, id) 
    values
        (?, ?, default)
Hibernate: 
    insert 
    into
        post_terms
        (post_id, term, id) 
    values
        (?, ?, default)
Hibernate: 
    insert 
    into
        post_terms
        (post_id, term, id) 
    values
        (?, ?, default)
Hibernate: 
    insert 
    into
        post_terms
        (post_id, term, id) 
    values
        (?, ?, default)
2026-03-24T21:07:01.774Z  INFO 5201 --- [o-auto-1-exec-3] c.e.searchdemo.service.PostService       : Created post id=467f3e5f-fdd3-4e49-9dbe-c98b1110592a with 5 terms
2026-03-24T21:07:01.789Z  INFO 5201 --- [o-auto-1-exec-4] c.example.searchdemo.api.PostController  : Search query='alpha beta' sort='recent' limit=10 offset=0
Hibernate: 
    select
        pt1_0.post_id 
    from
        post_terms pt1_0 
    where
        pt1_0.term in (?, ?) 
    group by
        pt1_0.post_id 
    having
        count(distinct pt1_0.term)=?
Hibernate: 
    select
        p1_0.id,
        p1_0.content,
        p1_0.created_at,
        p1_0.like_count 
    from
        posts p1_0 
    where
        p1_0.id in (?)
]]></system-out>
  </testcase>
  <testcase name="likePost_idempotent" classname="com.example.searchdemo.PostSearchIntegrationTest" time="0.067">
    <system-out><![CDATA[2026-03-24T21:07:01.866Z  INFO 5201 --- [o-auto-1-exec-5] c.example.searchdemo.api.PostController  : Creating post with content length=25
Hibernate: 
    select
        p1_0.id,
        p1_0.content,
        p1_0.created_at,
        p1_0.like_count 
    from
        posts p1_0 
    where
        p1_0.id=?
Hibernate: 
    insert 
    into
        posts
        (content, created_at, like_count, id) 
    values
        (?, ?, ?, ?)
Hibernate: 
    insert 
    into
        post_terms
        (post_id, term, id) 
    values
        (?, ?, default)
Hibernate: 
    insert 
    into
        post_terms
        (post_id, term, id) 
    values
        (?, ?, default)
Hibernate: 
    insert 
    into
        post_terms
        (post_id, term, id) 
    values
        (?, ?, default)
Hibernate: 
    insert 
    into
        post_terms
        (post_id, term, id) 
    values
        (?, ?, default)
2026-03-24T21:07:01.874Z  INFO 5201 --- [o-auto-1-exec-5] c.e.searchdemo.service.PostService       : Created post id=9bf1340d-8f01-438d-9086-688459400de6 with 4 terms
2026-03-24T21:07:01.885Z  INFO 5201 --- [o-auto-1-exec-6] c.example.searchdemo.api.PostController  : User user-like-test liking post 9bf1340d-8f01-438d-9086-688459400de6
Hibernate: 
    select
        p1_0.id,
        p1_0.content,
        p1_0.created_at,
        p1_0.like_count 
    from
        posts p1_0 
    where
        p1_0.id=?
Hibernate: 
    select
        pl1_0.id,
        pl1_0.created_at,
        pl1_0.post_id,
        pl1_0.user_id 
    from
        post_likes pl1_0 
    where
        pl1_0.post_id=? 
        and pl1_0.user_id=?
Hibernate: 
    insert 
    into
        post_likes
        (created_at, post_id, user_id, id) 
    values
        (?, ?, ?, default)
2026-03-24T21:07:01.896Z  INFO 5201 --- [o-auto-1-exec-6] c.e.searchdemo.service.PostService       : User user-like-test liked post 9bf1340d-8f01-438d-9086-688459400de6
Hibernate: 
    update
        posts 
    set
        content=?,
        created_at=?,
        like_count=? 
    where
        id=?
2026-03-24T21:07:01.917Z  INFO 5201 --- [o-auto-1-exec-7] c.example.searchdemo.api.PostController  : User user-like-test liking post 9bf1340d-8f01-438d-9086-688459400de6
Hibernate: 
    select
        p1_0.id,
        p1_0.content,
        p1_0.created_at,
        p1_0.like_count 
    from
        posts p1_0 
    where
        p1_0.id=?
Hibernate: 
    select
        pl1_0.id,
        pl1_0.created_at,
        pl1_0.post_id,
        pl1_0.user_id 
    from
        post_likes pl1_0 
    where
        pl1_0.post_id=? 
        and pl1_0.user_id=?
]]></system-out>
  </testcase>
  <testcase name="search_findsPostsByTerm" classname="com.example.searchdemo.PostSearchIntegrationTest" time="0.033">
    <system-out><![CDATA[2026-03-24T21:07:01.936Z  INFO 5201 --- [o-auto-1-exec-8] c.example.searchdemo.api.PostController  : Creating post with content length=34
Hibernate: 
    select
        p1_0.id,
        p1_0.content,
        p1_0.created_at,
        p1_0.like_count 
    from
        posts p1_0 
    where
        p1_0.id=?
Hibernate: 
    insert 
    into
        posts
        (content, created_at, like_count, id) 
    values
        (?, ?, ?, ?)
Hibernate: 
    insert 
    into
        post_terms
        (post_id, term, id) 
    values
        (?, ?, default)
Hibernate: 
    insert 
    into
        post_terms
        (post_id, term, id) 
    values
        (?, ?, default)
Hibernate: 
    insert 
    into
        post_terms
        (post_id, term, id) 
    values
        (?, ?, default)
Hibernate: 
    insert 
    into
        post_terms
        (post_id, term, id) 
    values
        (?, ?, default)
2026-03-24T21:07:01.941Z  INFO 5201 --- [o-auto-1-exec-8] c.e.searchdemo.service.PostService       : Created post id=af6122a3-8538-4fb8-8909-60b72f190590 with 4 terms
2026-03-24T21:07:01.947Z  INFO 5201 --- [o-auto-1-exec-9] c.example.searchdemo.api.PostController  : Creating post with content length=38
Hibernate: 
    select
        p1_0.id,
        p1_0.content,
        p1_0.created_at,
        p1_0.like_count 
    from
        posts p1_0 
    where
        p1_0.id=?
Hibernate: 
    insert 
    into
        posts
        (content, created_at, like_count, id) 
    values
        (?, ?, ?, ?)
Hibernate: 
    insert 
    into
        post_terms
        (post_id, term, id) 
    values
        (?, ?, default)
Hibernate: 
    insert 
    into
        post_terms
        (post_id, term, id) 
    values
        (?, ?, default)
Hibernate: 
    insert 
    into
        post_terms
        (post_id, term, id) 
    values
        (?, ?, default)
Hibernate: 
    insert 
    into
        post_terms
        (post_id, term, id) 
    values
        (?, ?, default)
2026-03-24T21:07:01.952Z  INFO 5201 --- [o-auto-1-exec-9] c.e.searchdemo.service.PostService       : Created post id=f7318b58-dd5b-4359-b7ce-72cd06ecf40c with 4 terms
2026-03-24T21:07:01.956Z  INFO 5201 --- [-auto-1-exec-10] c.example.searchdemo.api.PostController  : Search query='java' sort='recent' limit=10 offset=0
Hibernate: 
    select
        pt1_0.post_id 
    from
        post_terms pt1_0 
    where
        pt1_0.term in (?) 
    group by
        pt1_0.post_id 
    having
        count(distinct pt1_0.term)=?
Hibernate: 
    select
        p1_0.id,
        p1_0.content,
        p1_0.created_at,
        p1_0.like_count 
    from
        posts p1_0 
    where
        p1_0.id in (?)
]]></system-out>
  </testcase>
</testsuite>